<?xml version="1.0" encoding="UTF-8"?>
<!-- Generated by org.testng.reporters.JUnitXMLReporter -->
<testsuite hostname="LAPTOP-ST1QLBOJ" ignored="1" name="com-example-tests" tests="2" failures="0" timestamp="25 Aug 2020 21:24:25 GMT" time="7.795" errors="0">
  <testcase name="testFacebookDotCom" time="1.314" classname="com.variant.testng.FirstSeleniumTestNgTest"/>
  <testcase name="testGoogleDotCom" time="1.42" classname="com.variant.testng.FirstSeleniumTestNgTest"/>
  <testcase name="testSomeErrorScenarioCom" time="0.0" classname="com.variant.testng.FirstSeleniumTestNgTest">
    <ignored/>
  </testcase> <!-- testSomeErrorScenarioCom -->
</testsuite> <!-- com-example-tests -->
