<?xml version="1.0" encoding="UTF-8"?>
<testng-results skipped="0" failed="1" ignored="1" total="4" passed="2">
  <reporter-output>
  </reporter-output>
  <suite name="Command line suite" duration-ms="7356" started-at="2020-08-25T21:09:19Z" finished-at="2020-08-25T21:09:26Z">
    <groups>
    </groups>
    <test name="Command line test" duration-ms="7356" started-at="2020-08-25T21:09:19Z" finished-at="2020-08-25T21:09:26Z">
      <class name="com.variant.tests.MultipleBrowserTest">
        <test-method status="FAIL" signature="runInBrowser(java.lang.String)[pri:0, instance:com.variant.tests.MultipleBrowserTest@64616ca2]" name="runInBrowser" duration-ms="0" started-at="2020-08-25T21:09:26Z" finished-at="2020-08-25T21:09:26Z">
          <exception class="org.testng.TestNGException">
            <message>
              <![CDATA[
Parameter 'browser' is required by @Test on method runInBrowser but has not been marked @Optional or defined
]]>
            </message>
            <full-stacktrace>
              <![CDATA[org.testng.TestNGException: 
Parameter 'browser' is required by @Test on method runInBrowser but has not been marked @Optional or defined

at org.testng.internal.Parameters.createParams(Parameters.java:290)
at org.testng.internal.Parameters.createParametersForMethod(Parameters.java:359)
at org.testng.internal.Parameters.createParameters(Parameters.java:620)
at org.testng.internal.Parameters.handleParameters(Parameters.java:769)
at org.testng.internal.ParameterHandler.handleParameters(ParameterHandler.java:49)
at org.testng.internal.ParameterHandler.createParameters(ParameterHandler.java:37)
at org.testng.internal.Invoker.invokeTestMethods(Invoker.java:924)
at org.testng.internal.TestMethodWorker.invokeTestMethods(TestMethodWorker.java:125)
at org.testng.internal.TestMethodWorker.run(TestMethodWorker.java:109)
at org.testng.TestRunner.privateRun(TestRunner.java:648)
at org.testng.TestRunner.run(TestRunner.java:505)
at org.testng.SuiteRunner.runTest(SuiteRunner.java:455)
at org.testng.SuiteRunner.runSequentially(SuiteRunner.java:450)
at org.testng.SuiteRunner.privateRun(SuiteRunner.java:415)
at org.testng.SuiteRunner.run(SuiteRunner.java:364)
at org.testng.SuiteRunnerWorker.runSuite(SuiteRunnerWorker.java:52)
at org.testng.SuiteRunnerWorker.run(SuiteRunnerWorker.java:84)
at org.testng.TestNG.runSuitesSequentially(TestNG.java:1208)
at org.testng.TestNG.runSuitesLocally(TestNG.java:1137)
at org.testng.TestNG.runSuites(TestNG.java:1049)
at org.testng.TestNG.run(TestNG.java:1017)
at org.apache.maven.surefire.testng.TestNGExecutor.run(TestNGExecutor.java:77)
at org.apache.maven.surefire.testng.TestNGDirectoryTestSuite.executeMulti(TestNGDirectoryTestSuite.java:159)
at org.apache.maven.surefire.testng.TestNGDirectoryTestSuite.execute(TestNGDirectoryTestSuite.java:99)
at org.apache.maven.surefire.testng.TestNGProvider.invoke(TestNGProvider.java:106)
at sun.reflect.NativeMethodAccessorImpl.invoke0(Native Method)
at sun.reflect.NativeMethodAccessorImpl.invoke(NativeMethodAccessorImpl.java:62)
at sun.reflect.DelegatingMethodAccessorImpl.invoke(DelegatingMethodAccessorImpl.java:43)
at java.lang.reflect.Method.invoke(Method.java:498)
at org.apache.maven.surefire.util.ReflectionUtils.invokeMethodWithArray(ReflectionUtils.java:189)
at org.apache.maven.surefire.booter.ProviderFactory$ProviderProxy.invoke(ProviderFactory.java:165)
at org.apache.maven.surefire.booter.ProviderFactory.invokeProvider(ProviderFactory.java:85)
at org.apache.maven.surefire.booter.ForkedBooter.runSuitesInProcess(ForkedBooter.java:115)
at org.apache.maven.surefire.booter.ForkedBooter.main(ForkedBooter.java:75)
]]>
            </full-stacktrace>
          </exception> <!-- org.testng.TestNGException -->
          <reporter-output>
          </reporter-output>
        </test-method> <!-- runInBrowser -->
      </class> <!-- com.variant.tests.MultipleBrowserTest -->
      <class name="com.variant.tests.FirstSeleniumTestNgTest">
        <test-method status="PASS" signature="before()[pri:0, instance:com.variant.tests.FirstSeleniumTestNgTest@3b81a1bc]" name="before" is-config="true" duration-ms="4151" started-at="2020-08-25T21:09:19Z" finished-at="2020-08-25T21:09:23Z">
          <reporter-output>
          </reporter-output>
        </test-method> <!-- before -->
        <test-method status="PASS" signature="testFacebookDotCom()[pri:0, instance:com.variant.tests.FirstSeleniumTestNgTest@3b81a1bc]" name="testFacebookDotCom" duration-ms="1249" started-at="2020-08-25T21:09:23Z" finished-at="2020-08-25T21:09:25Z">
          <reporter-output>
          </reporter-output>
        </test-method> <!-- testFacebookDotCom -->
        <test-method status="PASS" signature="testGoogleDotCom()[pri:0, instance:com.variant.tests.FirstSeleniumTestNgTest@3b81a1bc]" name="testGoogleDotCom" duration-ms="1271" started-at="2020-08-25T21:09:25Z" finished-at="2020-08-25T21:09:26Z">
          <reporter-output>
          </reporter-output>
        </test-method> <!-- testGoogleDotCom -->
        <test-method status="PASS" signature="after()[pri:0, instance:com.variant.tests.FirstSeleniumTestNgTest@3b81a1bc]" name="after" is-config="true" duration-ms="668" started-at="2020-08-25T21:09:26Z" finished-at="2020-08-25T21:09:26Z">
          <reporter-output>
          </reporter-output>
        </test-method> <!-- after -->
      </class> <!-- com.variant.tests.FirstSeleniumTestNgTest -->
    </test> <!-- Command line test -->
  </suite> <!-- Command line suite -->
</testng-results>
